; Items removed from x86 boot diskette packages

; not including non-fat 32 version of kernel on boot media
BIN\KERNL86N.SYS

SOURCE
APPINFO
PACKAGES
DOC
HELP
NLS\CMD-*.*
NLS\MAKECMD.BAT
NLS\FC.*
NLS\XCOPY.*

BIN\_CHOICE.EXE
BIN\_LABEL.EXE
BIN\_MORE.EXE
BIN\_MOVE.EXE
BIN\_TEE.EXE
BIN\FREECOM
BIN\IDLEDPMS.COM
BIN\VDELETE.COM
BIN\VINSERT.COM
BIN\VCHKBOX.COM
BIN\VPCSPKR.COM
BIN\VVIEW.COM
BIN\VMATH.COM
BIN\VREADKEY.COM
BIN\VMODE.COM
BIN\VVER.COM
; BIN\SLICEREX.EXE
BIN\SLICER.EXE

BIN\APROPOS.BAT
BIN\WHATIS.BAT
BIN\V8HELP.BAT
BIN\ONELANG.BAT
BIN\HELP.BAT
BIN\FDHELP.BAT
BIN\CDROM.BAT

NLS\CDROM.*
NLS\MEM.*
NLS\MORE.*
NLS\FDISK.*

