; Package list for ALL x86 Floppy Edition of FreeDOS.

; It contains the packages used Plain DOS system.

# tags: +FreeDOS
# tags: +8088,+8086,+186,+286,+386,+486,+586,+686

base\kernel
base\append
base\comp
base\devload
base\display
base\mode
base\nlsfunc
base\cpidos
base\debug
base\fdisk

# tags: -CGA
util\v8power
archiver\slicer
# tags: +CGA

util\callver
base\welcome

# Unknown, assumed to be fully compatible
base\command
base\format
base\deltree
base\attrib
base\choice
base\fc
base\xcopy
base\mem
base\chkdsk
base\assign
base\defrag
base\diskcomp
base\diskcopy
base\edit
base\edlin
base\exe2bin
base\fc
base\find
base\help
base\label
base\mirror
base\mkeyb
base\more
base\move
base\nansi
base\print
base\recover
base\replace
base\share
base\sort
base\swsubst
base\tree
base\undelete
base\unformat
base\graphics

# tags: +assist

$PKG_ASSIST$

# tags: -assist

# tags: -8086,-8088,-186

base\fdxms286
archiver\zip
base\fdapm
base\keyb
base\keyb_lay
base\ctmouse

# tags: -286

base\himemx
base\jemm
base\lbacache
base\shsucdx
archiver\unzip
util\cwsdpmi
base\fdxms
util\udvd2
util\shsufdrv
base\dosfsck

; Although FDIMPLES is compatible with a 8086, no point installing without
; CD support. Which requires a 386 at present.
util\fdimples

; FDNPKG (i386+) contains the offline version of FDINST (8086+), not much
; point installing without CD or Networking support.
util\fdnpkg

# tags: -386,-486,-586,-686

# tags: +DOSBox
# tags: -DOSBox

# tags: +QEMU,+Emulated
# tags: -QEMU,-Emulated

# tags: +VirtualBox,+VMware
# tags: -VirtualBox,-VMware

# tags: +Network
util\fdnet
# tags: -Network
